This is pdfTeX, Version 3.1415926-2.4-1.40.13 (TeX Live 2012/Debian) (format=pdflatex 2013.8.26)  10 JAN 2014 07:31
entering extended mode
 restricted \write18 enabled.
 %&-line parsing enabled.
**theory.tex
(./theory.tex
LaTeX2e <2011/06/27>
Babel <v3.8m> and hyphenation patterns for english, dumylang, nohyphenation, et
hiopic, farsi, arabic, pinyin, croatian, bulgarian, ukrainian, russian, slovak,
 czech, danish, dutch, usenglishmax, ukenglish, finnish, french, basque, ngerma
n, german, swissgerman, ngerman-x-2012-05-30, german-x-2012-05-30, monogreek, g
reek, ibycus, ancientgreek, hungarian, bengali, tamil, hindi, telugu, gujarati,
 sanskrit, malayalam, kannada, assamese, marathi, oriya, panjabi, italian, lati
n, latvian, lithuanian, mongolian, mongolianlmc, nynorsk, bokmal, indonesian, e
speranto, coptic, welsh, irish, interlingua, serbian, serbianc, slovenian, friu
lan, romansh, estonian, romanian, armenian, uppersorbian, turkish, afrikaans, i
celandic, kurmanji, polish, portuguese, galician, catalan, spanish, swedish, th
ai, loaded.
(/usr/share/texlive/texmf-dist/tex/latex/koma-script/scrartcl.cls
Document Class: scrartcl 2012/05/15 v3.11 KOMA-Script document class (article)
(/usr/share/texlive/texmf-dist/tex/latex/koma-script/scrkbase.sty
Package: scrkbase 2012/05/15 v3.11 KOMA-Script package (KOMA-Script-dependent b
asics and keyval usage)

(/usr/share/texlive/texmf-dist/tex/latex/koma-script/scrbase.sty
Package: scrbase 2012/05/15 v3.11 KOMA-Script package (KOMA-Script-independent 
basics and keyval usage)

(/usr/share/texlive/texmf-dist/tex/latex/graphics/keyval.sty
Package: keyval 1999/03/16 v1.13 key=value parser (DPC)
\KV@toks@=\toks14
)
(/usr/share/texlive/texmf-dist/tex/latex/koma-script/scrlfile.sty
Package: scrlfile 2011/03/09 v3.09 KOMA-Script package (loading files)

Package scrlfile, 2011/03/09 v3.09 KOMA-Script package (loading files)
                  Copyright (C) Markus Kohm

))) (/usr/share/texlive/texmf-dist/tex/latex/koma-script/tocbasic.sty
Package: tocbasic 2012/04/04 v3.10b KOMA-Script package (handling toc-files)
)
Package tocbasic Info: omitting babel extension for `toc'
(tocbasic)             because of feature `nobabel' available
(tocbasic)             for `toc' on input line 115.
Package tocbasic Info: omitting babel extension for `lof'
(tocbasic)             because of feature `nobabel' available
(tocbasic)             for `lof' on input line 116.
Package tocbasic Info: omitting babel extension for `lot'
(tocbasic)             because of feature `nobabel' available
(tocbasic)             for `lot' on input line 117.
Class scrartcl Info: File `scrsize11pt.clo' used instead of
(scrartcl)           file `scrsize11.clo' to setup font sizes on input line 126
5.

(/usr/share/texlive/texmf-dist/tex/latex/koma-script/scrsize11pt.clo
File: scrsize11pt.clo 2012/05/15 v3.11 KOMA-Script font size class option (11pt
)
)
(/usr/share/texlive/texmf-dist/tex/latex/koma-script/typearea.sty
Package: typearea 2012/05/15 v3.11 KOMA-Script package (type area)

Package typearea, 2012/05/15 v3.11 KOMA-Script package (type area)
                  Copyright (C) Frank Neukam, 1992-1994
                  Copyright (C) Markus Kohm, 1994-

\ta@bcor=\skip41
\ta@div=\count79
\ta@hblk=\skip42
\ta@vblk=\skip43
\ta@temp=\skip44
Package typearea Info: These are the values describing the layout:
(typearea)             DIV  = 10
(typearea)             BCOR = 0.0pt
(typearea)             \paperwidth      = 597.50793pt
(typearea)              \textwidth      = 418.25555pt
(typearea)              DIV departure   = -6%
(typearea)              \evensidemargin = 17.3562pt
(typearea)              \oddsidemargin  = 17.3562pt
(typearea)             \paperheight     = 845.04694pt
(typearea)              \textheight     = 595.80026pt
(typearea)              \topmargin      = -25.16531pt
(typearea)              \headheight     = 17.0pt
(typearea)              \headsep        = 20.40001pt
(typearea)              \topskip        = 11.0pt
(typearea)              \footskip       = 47.60002pt
(typearea)              \baselineskip   = 13.6pt
(typearea)              on input line 1211.
)
\c@part=\count80
\c@section=\count81
\c@subsection=\count82
\c@subsubsection=\count83
\c@paragraph=\count84
\c@subparagraph=\count85
\abovecaptionskip=\skip45
\belowcaptionskip=\skip46
\c@pti@nb@sid@b@x=\box26
\c@figure=\count86
\c@table=\count87
\bibindent=\dimen102
) (/usr/share/texlive/texmf-dist/tex/latex/bytefield/bytefield.sty
Package: bytefield 2011/06/19 v2.1 Network protocol diagrams

(/usr/share/texlive/texmf-dist/tex/latex/tools/calc.sty
Package: calc 2007/08/22 v4.3 Infix arithmetic (KKT,FJ)
\calc@Acount=\count88
\calc@Bcount=\count89
\calc@Adimen=\dimen103
\calc@Bdimen=\dimen104
\calc@Askip=\skip47
\calc@Bskip=\skip48
LaTeX Info: Redefining \setlength on input line 76.
LaTeX Info: Redefining \addtolength on input line 77.
\calc@Ccount=\count90
\calc@Cskip=\skip49
)
\bytefield@height=\skip50
\bytefield@height@increment=\skip51
\entire@bytefield@picture=\box27
\bf@bitwidth=\skip52
\bf@bitheight=\skip53
\units@wide=\skip54
\units@tall=\skip55
\units@high=\skip56
\header@xpos=\skip57
\c@header@val=\count91
\c@max@header@val=\count92
\curly@box=\box28
\wordlabelr@start=\skip58
\wordlabelr@end=\skip59
\wordlabell@start=\skip60
\wordlabell@end=\skip61
\total@lbox@width=\skip62
\label@box@width=\skip63
\label@box@height=\skip64
\word@label@box=\box29
)
(/usr/share/texlive/texmf-dist/tex/latex/rotating/rotating.sty
Package: rotating 2009/03/28 v2.16a rotated objects in LaTeX

(/usr/share/texlive/texmf-dist/tex/latex/graphics/graphicx.sty
Package: graphicx 1999/02/16 v1.0f Enhanced LaTeX Graphics (DPC,SPQR)

(/usr/share/texlive/texmf-dist/tex/latex/graphics/graphics.sty
Package: graphics 2009/02/05 v1.0o Standard LaTeX Graphics (DPC,SPQR)

(/usr/share/texlive/texmf-dist/tex/latex/graphics/trig.sty
Package: trig 1999/03/16 v1.09 sin cos tan (DPC)
)
(/usr/share/texlive/texmf-dist/tex/latex/latexconfig/graphics.cfg
File: graphics.cfg 2010/04/23 v1.9 graphics configuration of TeX Live
)
Package graphics Info: Driver file: pdftex.def on input line 91.

(/usr/share/texlive/texmf-dist/tex/latex/pdftex-def/pdftex.def
File: pdftex.def 2011/05/27 v0.06d Graphics/color for pdfTeX

(/usr/share/texlive/texmf-dist/tex/generic/oberdiek/infwarerr.sty
Package: infwarerr 2010/04/08 v1.3 Providing info/warning/error messages (HO)
)
(/usr/share/texlive/texmf-dist/tex/generic/oberdiek/ltxcmds.sty
Package: ltxcmds 2011/11/09 v1.22 LaTeX kernel commands for general use (HO)
)
\Gread@gobject=\count93
))
\Gin@req@height=\dimen105
\Gin@req@width=\dimen106
)
(/usr/share/texlive/texmf-dist/tex/latex/base/ifthen.sty
Package: ifthen 2001/05/26 v1.1c Standard LaTeX ifthen package (DPC)
)
\c@r@tfl@t=\count94
\rotFPtop=\skip65
\rotFPbot=\skip66
\rot@float@box=\box30
\rot@mess@toks=\toks15
)
\c@exercise=\count95
 (./theory.aux)
\openout1 = `theory.aux'.

LaTeX Font Info:    Checking defaults for OML/cmm/m/it on input line 26.
LaTeX Font Info:    ... okay on input line 26.
LaTeX Font Info:    Checking defaults for T1/cmr/m/n on input line 26.
LaTeX Font Info:    ... okay on input line 26.
LaTeX Font Info:    Checking defaults for OT1/cmr/m/n on input line 26.
LaTeX Font Info:    ... okay on input line 26.
LaTeX Font Info:    Checking defaults for OMS/cmsy/m/n on input line 26.
LaTeX Font Info:    ... okay on input line 26.
LaTeX Font Info:    Checking defaults for OMX/cmex/m/n on input line 26.
LaTeX Font Info:    ... okay on input line 26.
LaTeX Font Info:    Checking defaults for U/cmr/m/n on input line 26.
LaTeX Font Info:    ... okay on input line 26.

(/usr/share/texlive/texmf-dist/tex/context/base/supp-pdf.mkii
[Loading MPS to PDF converter (version 2006.09.02).]
\scratchcounter=\count96
\scratchdimen=\dimen107
\scratchbox=\box31
\nofMPsegments=\count97
\nofMParguments=\count98
\everyMPshowfont=\toks16
\MPscratchCnt=\count99
\MPscratchDim=\dimen108
\MPnumerator=\count100
\makeMPintoPDFobject=\count101
\everyMPtoPDFconversion=\toks17
) (/usr/share/texlive/texmf-dist/tex/generic/oberdiek/pdftexcmds.sty
Package: pdftexcmds 2011/11/29 v0.20 Utility functions of pdfTeX for LuaTeX (HO
)

(/usr/share/texlive/texmf-dist/tex/generic/oberdiek/ifluatex.sty
Package: ifluatex 2010/03/01 v1.3 Provides the ifluatex switch (HO)
Package ifluatex Info: LuaTeX not detected.
)
(/usr/share/texlive/texmf-dist/tex/generic/oberdiek/ifpdf.sty
Package: ifpdf 2011/01/30 v2.3 Provides the ifpdf switch (HO)
Package ifpdf Info: pdfTeX in PDF mode is detected.
)
Package pdftexcmds Info: LuaTeX not detected.
Package pdftexcmds Info: \pdf@primitive is available.
Package pdftexcmds Info: \pdf@ifprimitive is available.
Package pdftexcmds Info: \pdfdraftmode found.
)
(/usr/share/texlive/texmf-dist/tex/latex/oberdiek/epstopdf-base.sty
Package: epstopdf-base 2010/02/09 v2.5 Base part for package epstopdf

(/usr/share/texlive/texmf-dist/tex/latex/oberdiek/grfext.sty
Package: grfext 2010/08/19 v1.1 Manage graphics extensions (HO)

(/usr/share/texlive/texmf-dist/tex/generic/oberdiek/kvdefinekeys.sty
Package: kvdefinekeys 2011/04/07 v1.3 Define keys (HO)
))
(/usr/share/texlive/texmf-dist/tex/latex/oberdiek/kvoptions.sty
Package: kvoptions 2011/06/30 v3.11 Key value format for package options (HO)

(/usr/share/texlive/texmf-dist/tex/generic/oberdiek/kvsetkeys.sty
Package: kvsetkeys 2012/04/25 v1.16 Key value parser (HO)

(/usr/share/texlive/texmf-dist/tex/generic/oberdiek/etexcmds.sty
Package: etexcmds 2011/02/16 v1.5 Avoid name clashes with e-TeX commands (HO)
Package etexcmds Info: Could not find \expanded.
(etexcmds)             That can mean that you are not using pdfTeX 1.50 or
(etexcmds)             that some package has redefined \expanded.
(etexcmds)             In the latter case, load this package earlier.
)))
Package grfext Info: Graphics extension search list:
(grfext)             [.png,.pdf,.jpg,.mps,.jpeg,.jbig2,.jb2,.PNG,.PDF,.JPG,.JPE
G,.JBIG2,.JB2,.eps]
(grfext)             \AppendGraphicsExtensions on input line 452.

(/usr/share/texlive/texmf-dist/tex/latex/latexconfig/epstopdf-sys.cfg
File: epstopdf-sys.cfg 2010/07/13 v1.3 Configuration of (r)epstopdf for TeX Liv
e
))
LaTeX Font Info:    External font `cmex10' loaded for size
(Font)              <14.4> on input line 29.
LaTeX Font Info:    External font `cmex10' loaded for size
(Font)              <7> on input line 29.
\height=\dimen109 (locally)
\depth=\dimen110 (locally)
\totalheight=\dimen111 (locally)
\width=\dimen112 (locally)
LaTeX Font Info:    External font `cmex10' loaded for size
(Font)              <10.95> on input line 47.
LaTeX Font Info:    External font `cmex10' loaded for size
(Font)              <8> on input line 47.
LaTeX Font Info:    External font `cmex10' loaded for size
(Font)              <6> on input line 47.
\height=\dimen109 (locally)
\depth=\dimen110 (locally)
\totalheight=\dimen111 (locally)
\width=\dimen112 (locally)
\height=\dimen109 (locally)
\depth=\dimen110 (locally)
\totalheight=\dimen111 (locally)
\width=\dimen112 (locally)
\height=\dimen109 (locally)
\depth=\dimen110 (locally)
\totalheight=\dimen111 (locally)
\width=\dimen112 (locally)
\height=\dimen109 (locally)
\depth=\dimen110 (locally)
\totalheight=\dimen111 (locally)
\width=\dimen112 (locally)
\height=\dimen109 (locally)
\depth=\dimen110 (locally)
\totalheight=\dimen111 (locally)
\width=\dimen112 (locally)
\height=\dimen109 (locally)
\depth=\dimen110 (locally)
\totalheight=\dimen111 (locally)
\width=\dimen112 (locally)
\height=\dimen109 (locally)
\depth=\dimen110 (locally)
\totalheight=\dimen111 (locally)
\width=\dimen112 (locally)
\height=\dimen109 (locally)
\depth=\dimen110 (locally)
\totalheight=\dimen111 (locally)
\width=\dimen112 (locally)
\height=\dimen109 (locally)
\depth=\dimen110 (locally)
\totalheight=\dimen111 (locally)
\width=\dimen112 (locally)
\height=\dimen109 (locally)
\depth=\dimen110 (locally)
\totalheight=\dimen111 (locally)
\width=\dimen112 (locally)
\height=\dimen109 (locally)
\depth=\dimen110 (locally)
\totalheight=\dimen111 (locally)
\width=\dimen112 (locally)
\height=\dimen109 (locally)
\depth=\dimen110 (locally)
\totalheight=\dimen111 (locally)
\width=\dimen112 (locally)
\height=\dimen109 (locally)
\depth=\dimen110 (locally)
\totalheight=\dimen111 (locally)
\width=\dimen112 (locally)
\height=\dimen109 (locally)
\depth=\dimen110 (locally)
\totalheight=\dimen111 (locally)
\width=\dimen112 (locally)
\height=\dimen109 (locally)
\depth=\dimen110 (locally)
\totalheight=\dimen111 (locally)
\width=\dimen112 (locally)
\height=\dimen109 (locally)
\depth=\dimen110 (locally)
\totalheight=\dimen111 (locally)
\width=\dimen112 (locally)
\height=\dimen109 (locally)
\depth=\dimen110 (locally)
\totalheight=\dimen111 (locally)
\width=\dimen112 (locally)
\height=\dimen109 (locally)
\depth=\dimen110 (locally)
\totalheight=\dimen111 (locally)
\width=\dimen112 (locally)
\height=\dimen109 (locally)
\depth=\dimen110 (locally)
\totalheight=\dimen111 (locally)
\width=\dimen112 (locally)
\height=\dimen109 (locally)
\depth=\dimen110 (locally)
\totalheight=\dimen111 (locally)
\width=\dimen112 (locally)
\height=\dimen109 (locally)
\depth=\dimen110 (locally)
\totalheight=\dimen111 (locally)
\width=\dimen112 (locally)
\height=\dimen109 (locally)
\depth=\dimen110 (locally)
\totalheight=\dimen111 (locally)
\width=\dimen112 (locally)
\height=\dimen109 (locally)
\depth=\dimen110 (locally)
\totalheight=\dimen111 (locally)
\width=\dimen112 (locally)
\height=\dimen109 (locally)
\depth=\dimen110 (locally)
\totalheight=\dimen111 (locally)
\width=\dimen112 (locally)
\height=\dimen109 (locally)
\depth=\dimen110 (locally)
\totalheight=\dimen111 (locally)
\width=\dimen112 (locally)
\height=\dimen109 (locally)
\depth=\dimen110 (locally)
\totalheight=\dimen111 (locally)
\width=\dimen112 (locally)
\height=\dimen109 (locally)
\depth=\dimen110 (locally)
\totalheight=\dimen111 (locally)
\width=\dimen112 (locally)
\height=\dimen109 (locally)
\depth=\dimen110 (locally)
\totalheight=\dimen111 (locally)
\width=\dimen112 (locally)
\height=\dimen109 (locally)
\depth=\dimen110 (locally)
\totalheight=\dimen111 (locally)
\width=\dimen112 (locally)
\height=\dimen109 (locally)
\depth=\dimen110 (locally)
\totalheight=\dimen111 (locally)
\width=\dimen112 (locally)
\height=\dimen109 (locally)
\depth=\dimen110 (locally)
\totalheight=\dimen111 (locally)
\width=\dimen112 (locally)
\height=\dimen109 (locally)
\depth=\dimen110 (locally)
\totalheight=\dimen111 (locally)
\width=\dimen112 (locally)
\height=\dimen109 (locally)
\depth=\dimen110 (locally)
\totalheight=\dimen111 (locally)
\width=\dimen112 (locally)
\height=\dimen109 (locally)
\depth=\dimen110 (locally)
\totalheight=\dimen111 (locally)
\width=\dimen112 (locally)

[1


{/var/lib/texmf/fonts/map/pdftex/updmap/pdftex.map}]
LaTeX Font Info:    Try loading font information for OMS+cmr on input line 79.

(/usr/share/texlive/texmf-dist/tex/latex/base/omscmr.fd
File: omscmr.fd 1999/05/25 v2.5h Standard LaTeX font definitions
)
LaTeX Font Info:    Font shape `OMS/cmr/m/n' in size <10.95> not available
(Font)              Font shape `OMS/cmsy/m/n' tried instead on input line 79.
Missing character: There is no Â in font cmr10!
Missing character: There is no   in font cmr10!
 [2] [3] (./theory.aux) ) 
Here is how much of TeX's memory you used:
 2942 strings out of 493485
 44955 string characters out of 3143526
 145064 words of memory out of 3000000
 6222 multiletter control sequences out of 15000+200000
 9870 words of font info for 35 fonts, out of 3000000 for 9000
 957 hyphenation exceptions out of 8191
 47i,15n,37p,242b,409s stack positions out of 5000i,500n,10000p,200000b,50000s
</usr/share/texlive/texmf-dist/fonts/type1/public/amsf
onts/cm/cmbx10.pfb></usr/share/texlive/texmf-dist/fonts/type1/public/amsfonts/c
m/cmex10.pfb></usr/share/texlive/texmf-dist/fonts/type1/public/amsfonts/cm/cmmi
10.pfb></usr/share/texlive/texmf-dist/fonts/type1/public/amsfonts/cm/cmmi8.pfb>
</usr/share/texlive/texmf-dist/fonts/type1/public/amsfonts/cm/cmr10.pfb></usr/s
hare/texlive/texmf-dist/fonts/type1/public/amsfonts/cm/cmr12.pfb></usr/share/te
xlive/texmf-dist/fonts/type1/public/amsfonts/cm/cmr6.pfb></usr/share/texlive/te
xmf-dist/fonts/type1/public/amsfonts/cm/cmr8.pfb></usr/share/texlive/texmf-dist
/fonts/type1/public/amsfonts/cm/cmssbx10.pfb></usr/share/texlive/texmf-dist/fon
ts/type1/public/amsfonts/cm/cmsy10.pfb></usr/share/texlive/texmf-dist/fonts/typ
e1/public/amsfonts/cm/cmtt10.pfb>
Output written on theory.pdf (3 pages, 119641 bytes).
PDF statistics:
 58 PDF objects out of 1000 (max. 8388607)
 41 compressed objects within 1 object stream
 0 named destinations out of 1000 (max. 500000)
 1 words of extra memory for PDF output out of 10000 (max. 10000000)

